This is pdfTeX, Version 3.14159265-2.6-1.40.17 (MiKTeX 2.9.6210 64-bit) (preloaded format=pdflatex 2018.2.5)  18 APR 2018 20:01
entering extended mode
**./Report.tex
(Report.tex
LaTeX2e <2017/01/01> patch level 1
Babel <3.9r> and hyphenation patterns for 75 language(s) loaded.
(C:\Users\Vilhelm\AppData\Roaming\MiKTeX\2.9\tex\latex\ieeetran\IEEEtran.cls
Document Class: IEEEtran 2015/08/26 V1.8b by Michael Shell
-- See the "IEEEtran_HOWTO" manual for usage information.
-- http://www.michaelshell.org/tex/ieeetran/
\@IEEEtrantmpdimenA=\dimen102
\@IEEEtrantmpdimenB=\dimen103
\@IEEEtrantmpdimenC=\dimen104
\@IEEEtrantmpcountA=\count79
\@IEEEtrantmpcountB=\count80
\@IEEEtrantmpcountC=\count81
\@IEEEtrantmptoksA=\toks14
LaTeX Font Info:    Try loading font information for OT1+ptm on input line 503.

("C:\Program Files\MiKTeX 2.9\tex\latex\psnfss\ot1ptm.fd"
File: ot1ptm.fd 2001/06/04 font definitions for OT1/ptm.
)
-- Using 8.5in x 11in (letter) paper.
-- Using PDF output.
\@IEEEnormalsizeunitybaselineskip=\dimen105
-- This is a 10 point document.
\CLASSINFOnormalsizebaselineskip=\dimen106
\CLASSINFOnormalsizeunitybaselineskip=\dimen107
\IEEEnormaljot=\dimen108
LaTeX Font Info:    Font shape `OT1/ptm/bx/n' in size <5> not available
(Font)              Font shape `OT1/ptm/b/n' tried instead on input line 1090.
LaTeX Font Info:    Font shape `OT1/ptm/bx/it' in size <5> not available
(Font)              Font shape `OT1/ptm/b/it' tried instead on input line 1090.

LaTeX Font Info:    Font shape `OT1/ptm/bx/n' in size <7> not available
(Font)              Font shape `OT1/ptm/b/n' tried instead on input line 1090.
LaTeX Font Info:    Font shape `OT1/ptm/bx/it' in size <7> not available
(Font)              Font shape `OT1/ptm/b/it' tried instead on input line 1090.

LaTeX Font Info:    Font shape `OT1/ptm/bx/n' in size <8> not available
(Font)              Font shape `OT1/ptm/b/n' tried instead on input line 1090.
LaTeX Font Info:    Font shape `OT1/ptm/bx/it' in size <8> not available
(Font)              Font shape `OT1/ptm/b/it' tried instead on input line 1090.

LaTeX Font Info:    Font shape `OT1/ptm/bx/n' in size <9> not available
(Font)              Font shape `OT1/ptm/b/n' tried instead on input line 1090.
LaTeX Font Info:    Font shape `OT1/ptm/bx/it' in size <9> not available
(Font)              Font shape `OT1/ptm/b/it' tried instead on input line 1090.

LaTeX Font Info:    Font shape `OT1/ptm/bx/n' in size <10> not available
(Font)              Font shape `OT1/ptm/b/n' tried instead on input line 1090.
LaTeX Font Info:    Font shape `OT1/ptm/bx/it' in size <10> not available
(Font)              Font shape `OT1/ptm/b/it' tried instead on input line 1090.

LaTeX Font Info:    Font shape `OT1/ptm/bx/n' in size <11> not available
(Font)              Font shape `OT1/ptm/b/n' tried instead on input line 1090.
LaTeX Font Info:    Font shape `OT1/ptm/bx/it' in size <11> not available
(Font)              Font shape `OT1/ptm/b/it' tried instead on input line 1090.

LaTeX Font Info:    Font shape `OT1/ptm/bx/n' in size <12> not available
(Font)              Font shape `OT1/ptm/b/n' tried instead on input line 1090.
LaTeX Font Info:    Font shape `OT1/ptm/bx/it' in size <12> not available
(Font)              Font shape `OT1/ptm/b/it' tried instead on input line 1090.

LaTeX Font Info:    Font shape `OT1/ptm/bx/n' in size <17> not available
(Font)              Font shape `OT1/ptm/b/n' tried instead on input line 1090.
LaTeX Font Info:    Font shape `OT1/ptm/bx/it' in size <17> not available
(Font)              Font shape `OT1/ptm/b/it' tried instead on input line 1090.

LaTeX Font Info:    Font shape `OT1/ptm/bx/n' in size <20> not available
(Font)              Font shape `OT1/ptm/b/n' tried instead on input line 1090.
LaTeX Font Info:    Font shape `OT1/ptm/bx/it' in size <20> not available
(Font)              Font shape `OT1/ptm/b/it' tried instead on input line 1090.

LaTeX Font Info:    Font shape `OT1/ptm/bx/n' in size <24> not available
(Font)              Font shape `OT1/ptm/b/n' tried instead on input line 1090.
LaTeX Font Info:    Font shape `OT1/ptm/bx/it' in size <24> not available
(Font)              Font shape `OT1/ptm/b/it' tried instead on input line 1090.

\IEEEquantizedlength=\dimen109
\IEEEquantizedlengthdiff=\dimen110
\IEEEquantizedtextheightdiff=\dimen111
\IEEEilabelindentA=\dimen112
\IEEEilabelindentB=\dimen113
\IEEEilabelindent=\dimen114
\IEEEelabelindent=\dimen115
\IEEEdlabelindent=\dimen116
\IEEElabelindent=\dimen117
\IEEEiednormlabelsep=\dimen118
\IEEEiedmathlabelsep=\dimen119
\IEEEiedtopsep=\skip41
\c@section=\count82
\c@subsection=\count83
\c@subsubsection=\count84
\c@paragraph=\count85
\c@IEEEsubequation=\count86
\abovecaptionskip=\skip42
\belowcaptionskip=\skip43
\c@figure=\count87
\c@table=\count88
\@IEEEeqnnumcols=\count89
\@IEEEeqncolcnt=\count90
\@IEEEsubeqnnumrollback=\count91
\@IEEEquantizeheightA=\dimen120
\@IEEEquantizeheightB=\dimen121
\@IEEEquantizeheightC=\dimen122
\@IEEEquantizeprevdepth=\dimen123
\@IEEEquantizemultiple=\count92
\@IEEEquantizeboxA=\box26
\@IEEEtmpitemindent=\dimen124
\IEEEPARstartletwidth=\dimen125
\c@IEEEbiography=\count93
\@IEEEtranrubishbin=\box27
) ("C:\Program Files\MiKTeX 2.9\tex\latex\graphics\graphicx.sty"
Package: graphicx 2014/10/28 v1.0g Enhanced LaTeX Graphics (DPC,SPQR)

("C:\Program Files\MiKTeX 2.9\tex\latex\graphics\keyval.sty"
Package: keyval 2014/10/28 v1.15 key=value parser (DPC)
\KV@toks@=\toks15
)
("C:\Program Files\MiKTeX 2.9\tex\latex\graphics\graphics.sty"
Package: graphics 2016/10/09 v1.0u Standard LaTeX Graphics (DPC,SPQR)

("C:\Program Files\MiKTeX 2.9\tex\latex\graphics\trig.sty"
Package: trig 2016/01/03 v1.10 sin cos tan (DPC)
)
("C:\Program Files\MiKTeX 2.9\tex\latex\graphics-cfg\graphics.cfg"
File: graphics.cfg 2016/06/04 v1.11 sample graphics configuration
)
Package graphics Info: Driver file: pdftex.def on input line 99.

("C:\Program Files\MiKTeX 2.9\tex\latex\graphics-def\pdftex.def"
File: pdftex.def 2017/01/12 v0.06k Graphics/color for pdfTeX

("C:\Program Files\MiKTeX 2.9\tex\generic\oberdiek\infwarerr.sty"
Package: infwarerr 2016/05/16 v1.4 Providing info/warning/error messages (HO)
)
("C:\Program Files\MiKTeX 2.9\tex\generic\oberdiek\ltxcmds.sty"
Package: ltxcmds 2016/05/16 v1.23 LaTeX kernel commands for general use (HO)
)
\Gread@gobject=\count94
))
\Gin@req@height=\dimen126
\Gin@req@width=\dimen127
)
("C:\Program Files\MiKTeX 2.9\tex\latex\tools\bm.sty"
Package: bm 2017/01/16 v1.2c Bold Symbol Support (DPC/FMi)
\symboldoperators=\mathgroup4
\symboldletters=\mathgroup5
\symboldsymbols=\mathgroup6
LaTeX Font Info:    Redeclaring math alphabet \mathbf on input line 141.
LaTeX Info: Redefining \bm on input line 207.
)
(C:\Users\Vilhelm\AppData\Roaming\MiKTeX\2.9\tex\latex\pgf\frontendlayer\tikz.s
ty
(C:\Users\Vilhelm\AppData\Roaming\MiKTeX\2.9\tex\latex\pgf\basiclayer\pgf.sty
(C:\Users\Vilhelm\AppData\Roaming\MiKTeX\2.9\tex\latex\pgf\utilities\pgfrcs.sty

(C:\Users\Vilhelm\AppData\Roaming\MiKTeX\2.9\tex\generic\pgf\utilities\pgfutil-
common.tex
\pgfutil@everybye=\toks16
\pgfutil@tempdima=\dimen128
\pgfutil@tempdimb=\dimen129

(C:\Users\Vilhelm\AppData\Roaming\MiKTeX\2.9\tex\generic\pgf\utilities\pgfutil-
common-lists.tex))
(C:\Users\Vilhelm\AppData\Roaming\MiKTeX\2.9\tex\generic\pgf\utilities\pgfutil-
latex.def
\pgfutil@abb=\box28

(C:\Users\Vilhelm\AppData\Roaming\MiKTeX\2.9\tex\latex\ms\everyshi.sty
Package: everyshi 2001/05/15 v3.00 EveryShipout Package (MS)
))
(C:\Users\Vilhelm\AppData\Roaming\MiKTeX\2.9\tex\generic\pgf\utilities\pgfrcs.c
ode.tex
Package: pgfrcs 2015/08/07 v3.0.1a (rcs-revision 1.31)
))
Package: pgf 2015/08/07 v3.0.1a (rcs-revision 1.15)

(C:\Users\Vilhelm\AppData\Roaming\MiKTeX\2.9\tex\latex\pgf\basiclayer\pgfcore.s
ty
(C:\Users\Vilhelm\AppData\Roaming\MiKTeX\2.9\tex\latex\pgf\systemlayer\pgfsys.s
ty
(C:\Users\Vilhelm\AppData\Roaming\MiKTeX\2.9\tex\generic\pgf\systemlayer\pgfsys
.code.tex
Package: pgfsys 2014/07/09 v3.0.1a (rcs-revision 1.48)

(C:\Users\Vilhelm\AppData\Roaming\MiKTeX\2.9\tex\generic\pgf\utilities\pgfkeys.
code.tex
\pgfkeys@pathtoks=\toks17
\pgfkeys@temptoks=\toks18

(C:\Users\Vilhelm\AppData\Roaming\MiKTeX\2.9\tex\generic\pgf\utilities\pgfkeysf
iltered.code.tex
\pgfkeys@tmptoks=\toks19
))
\pgf@x=\dimen130
\pgf@y=\dimen131
\pgf@xa=\dimen132
\pgf@ya=\dimen133
\pgf@xb=\dimen134
\pgf@yb=\dimen135
\pgf@xc=\dimen136
\pgf@yc=\dimen137
\w@pgf@writea=\write3
\r@pgf@reada=\read1
\c@pgf@counta=\count95
\c@pgf@countb=\count96
\c@pgf@countc=\count97
\c@pgf@countd=\count98
\t@pgf@toka=\toks20
\t@pgf@tokb=\toks21
\t@pgf@tokc=\toks22

(C:\Users\Vilhelm\AppData\Roaming\MiKTeX\2.9\tex\generic\pgf\systemlayer\pgf.cf
g
File: pgf.cfg 2008/05/14  (rcs-revision 1.7)
)
Driver file for pgf: pgfsys-pdftex.def

(C:\Users\Vilhelm\AppData\Roaming\MiKTeX\2.9\tex\generic\pgf\systemlayer\pgfsys
-pdftex.def
File: pgfsys-pdftex.def 2014/10/11  (rcs-revision 1.35)

(C:\Users\Vilhelm\AppData\Roaming\MiKTeX\2.9\tex\generic\pgf\systemlayer\pgfsys
-common-pdf.def
File: pgfsys-common-pdf.def 2013/10/10  (rcs-revision 1.13)
)))
(C:\Users\Vilhelm\AppData\Roaming\MiKTeX\2.9\tex\generic\pgf\systemlayer\pgfsys
softpath.code.tex
File: pgfsyssoftpath.code.tex 2013/09/09  (rcs-revision 1.9)
\pgfsyssoftpath@smallbuffer@items=\count99
\pgfsyssoftpath@bigbuffer@items=\count100
)
(C:\Users\Vilhelm\AppData\Roaming\MiKTeX\2.9\tex\generic\pgf\systemlayer\pgfsys
protocol.code.tex
File: pgfsysprotocol.code.tex 2006/10/16  (rcs-revision 1.4)
))
(C:\Users\Vilhelm\AppData\Roaming\MiKTeX\2.9\tex\latex\xcolor\xcolor.sty
Package: xcolor 2016/05/11 v2.12 LaTeX color extensions (UK)

("C:\Program Files\MiKTeX 2.9\tex\latex\graphics-cfg\color.cfg"
File: color.cfg 2016/01/02 v1.6 sample color configuration
)
Package xcolor Info: Driver file: pdftex.def on input line 225.
Package xcolor Info: Model `cmy' substituted by `cmy0' on input line 1348.
Package xcolor Info: Model `hsb' substituted by `rgb' on input line 1352.
Package xcolor Info: Model `RGB' extended on input line 1364.
Package xcolor Info: Model `HTML' substituted by `rgb' on input line 1366.
Package xcolor Info: Model `Hsb' substituted by `hsb' on input line 1367.
Package xcolor Info: Model `tHsb' substituted by `hsb' on input line 1368.
Package xcolor Info: Model `HSB' substituted by `hsb' on input line 1369.
Package xcolor Info: Model `Gray' substituted by `gray' on input line 1370.
Package xcolor Info: Model `wave' substituted by `hsb' on input line 1371.
)
(C:\Users\Vilhelm\AppData\Roaming\MiKTeX\2.9\tex\generic\pgf\basiclayer\pgfcore
.code.tex
Package: pgfcore 2010/04/11 v3.0.1a (rcs-revision 1.7)

(C:\Users\Vilhelm\AppData\Roaming\MiKTeX\2.9\tex\generic\pgf\math\pgfmath.code.
tex
(C:\Users\Vilhelm\AppData\Roaming\MiKTeX\2.9\tex\generic\pgf\math\pgfmathcalc.c
ode.tex
(C:\Users\Vilhelm\AppData\Roaming\MiKTeX\2.9\tex\generic\pgf\math\pgfmathutil.c
ode.tex)
(C:\Users\Vilhelm\AppData\Roaming\MiKTeX\2.9\tex\generic\pgf\math\pgfmathparser
.code.tex
\pgfmath@dimen=\dimen138
\pgfmath@count=\count101
\pgfmath@box=\box29
\pgfmath@toks=\toks23
\pgfmath@stack@operand=\toks24
\pgfmath@stack@operation=\toks25
)
(C:\Users\Vilhelm\AppData\Roaming\MiKTeX\2.9\tex\generic\pgf\math\pgfmathfuncti
ons.code.tex
(C:\Users\Vilhelm\AppData\Roaming\MiKTeX\2.9\tex\generic\pgf\math\pgfmathfuncti
ons.basic.code.tex)
(C:\Users\Vilhelm\AppData\Roaming\MiKTeX\2.9\tex\generic\pgf\math\pgfmathfuncti
ons.trigonometric.code.tex)
(C:\Users\Vilhelm\AppData\Roaming\MiKTeX\2.9\tex\generic\pgf\math\pgfmathfuncti
ons.random.code.tex)
(C:\Users\Vilhelm\AppData\Roaming\MiKTeX\2.9\tex\generic\pgf\math\pgfmathfuncti
ons.comparison.code.tex)
(C:\Users\Vilhelm\AppData\Roaming\MiKTeX\2.9\tex\generic\pgf\math\pgfmathfuncti
ons.base.code.tex)
(C:\Users\Vilhelm\AppData\Roaming\MiKTeX\2.9\tex\generic\pgf\math\pgfmathfuncti
ons.round.code.tex)
(C:\Users\Vilhelm\AppData\Roaming\MiKTeX\2.9\tex\generic\pgf\math\pgfmathfuncti
ons.misc.code.tex)
(C:\Users\Vilhelm\AppData\Roaming\MiKTeX\2.9\tex\generic\pgf\math\pgfmathfuncti
ons.integerarithmetics.code.tex)))
(C:\Users\Vilhelm\AppData\Roaming\MiKTeX\2.9\tex\generic\pgf\math\pgfmathfloat.
code.tex
\c@pgfmathroundto@lastzeros=\count102
))
(C:\Users\Vilhelm\AppData\Roaming\MiKTeX\2.9\tex\generic\pgf\basiclayer\pgfcore
points.code.tex
File: pgfcorepoints.code.tex 2013/10/07  (rcs-revision 1.27)
\pgf@picminx=\dimen139
\pgf@picmaxx=\dimen140
\pgf@picminy=\dimen141
\pgf@picmaxy=\dimen142
\pgf@pathminx=\dimen143
\pgf@pathmaxx=\dimen144
\pgf@pathminy=\dimen145
\pgf@pathmaxy=\dimen146
\pgf@xx=\dimen147
\pgf@xy=\dimen148
\pgf@yx=\dimen149
\pgf@yy=\dimen150
\pgf@zx=\dimen151
\pgf@zy=\dimen152
)
(C:\Users\Vilhelm\AppData\Roaming\MiKTeX\2.9\tex\generic\pgf\basiclayer\pgfcore
pathconstruct.code.tex
File: pgfcorepathconstruct.code.tex 2013/10/07  (rcs-revision 1.29)
\pgf@path@lastx=\dimen153
\pgf@path@lasty=\dimen154
)
(C:\Users\Vilhelm\AppData\Roaming\MiKTeX\2.9\tex\generic\pgf\basiclayer\pgfcore
pathusage.code.tex
File: pgfcorepathusage.code.tex 2014/11/02  (rcs-revision 1.24)
\pgf@shorten@end@additional=\dimen155
\pgf@shorten@start@additional=\dimen156
)
(C:\Users\Vilhelm\AppData\Roaming\MiKTeX\2.9\tex\generic\pgf\basiclayer\pgfcore
scopes.code.tex
File: pgfcorescopes.code.tex 2015/05/08  (rcs-revision 1.46)
\pgfpic=\box30
\pgf@hbox=\box31
\pgf@layerbox@main=\box32
\pgf@picture@serial@count=\count103
)
(C:\Users\Vilhelm\AppData\Roaming\MiKTeX\2.9\tex\generic\pgf\basiclayer\pgfcore
graphicstate.code.tex
File: pgfcoregraphicstate.code.tex 2014/11/02  (rcs-revision 1.12)
\pgflinewidth=\dimen157
)
(C:\Users\Vilhelm\AppData\Roaming\MiKTeX\2.9\tex\generic\pgf\basiclayer\pgfcore
transformations.code.tex
File: pgfcoretransformations.code.tex 2015/08/07  (rcs-revision 1.20)
\pgf@pt@x=\dimen158
\pgf@pt@y=\dimen159
\pgf@pt@temp=\dimen160
)
(C:\Users\Vilhelm\AppData\Roaming\MiKTeX\2.9\tex\generic\pgf\basiclayer\pgfcore
quick.code.tex
File: pgfcorequick.code.tex 2008/10/09  (rcs-revision 1.3)
)
(C:\Users\Vilhelm\AppData\Roaming\MiKTeX\2.9\tex\generic\pgf\basiclayer\pgfcore
objects.code.tex
File: pgfcoreobjects.code.tex 2006/10/11  (rcs-revision 1.2)
)
(C:\Users\Vilhelm\AppData\Roaming\MiKTeX\2.9\tex\generic\pgf\basiclayer\pgfcore
pathprocessing.code.tex
File: pgfcorepathprocessing.code.tex 2013/09/09  (rcs-revision 1.9)
)
(C:\Users\Vilhelm\AppData\Roaming\MiKTeX\2.9\tex\generic\pgf\basiclayer\pgfcore
arrows.code.tex
File: pgfcorearrows.code.tex 2015/05/14  (rcs-revision 1.43)
\pgfarrowsep=\dimen161
)
(C:\Users\Vilhelm\AppData\Roaming\MiKTeX\2.9\tex\generic\pgf\basiclayer\pgfcore
shade.code.tex
File: pgfcoreshade.code.tex 2013/07/15  (rcs-revision 1.15)
\pgf@max=\dimen162
\pgf@sys@shading@range@num=\count104
)
(C:\Users\Vilhelm\AppData\Roaming\MiKTeX\2.9\tex\generic\pgf\basiclayer\pgfcore
image.code.tex
File: pgfcoreimage.code.tex 2013/07/15  (rcs-revision 1.18)

(C:\Users\Vilhelm\AppData\Roaming\MiKTeX\2.9\tex\generic\pgf\basiclayer\pgfcore
external.code.tex
File: pgfcoreexternal.code.tex 2014/07/09  (rcs-revision 1.21)
\pgfexternal@startupbox=\box33
))
(C:\Users\Vilhelm\AppData\Roaming\MiKTeX\2.9\tex\generic\pgf\basiclayer\pgfcore
layers.code.tex
File: pgfcorelayers.code.tex 2013/07/18  (rcs-revision 1.7)
)
(C:\Users\Vilhelm\AppData\Roaming\MiKTeX\2.9\tex\generic\pgf\basiclayer\pgfcore
transparency.code.tex
File: pgfcoretransparency.code.tex 2013/09/30  (rcs-revision 1.5)
)
(C:\Users\Vilhelm\AppData\Roaming\MiKTeX\2.9\tex\generic\pgf\basiclayer\pgfcore
patterns.code.tex
File: pgfcorepatterns.code.tex 2013/11/07  (rcs-revision 1.5)
)))
(C:\Users\Vilhelm\AppData\Roaming\MiKTeX\2.9\tex\generic\pgf\modules\pgfmodules
hapes.code.tex
File: pgfmoduleshapes.code.tex 2014/03/21  (rcs-revision 1.35)
\pgfnodeparttextbox=\box34
)
(C:\Users\Vilhelm\AppData\Roaming\MiKTeX\2.9\tex\generic\pgf\modules\pgfmodulep
lot.code.tex
File: pgfmoduleplot.code.tex 2015/08/03  (rcs-revision 1.13)
)
(C:\Users\Vilhelm\AppData\Roaming\MiKTeX\2.9\tex\latex\pgf\compatibility\pgfcom
p-version-0-65.sty
Package: pgfcomp-version-0-65 2007/07/03 v3.0.1a (rcs-revision 1.7)
\pgf@nodesepstart=\dimen163
\pgf@nodesepend=\dimen164
)
(C:\Users\Vilhelm\AppData\Roaming\MiKTeX\2.9\tex\latex\pgf\compatibility\pgfcom
p-version-1-18.sty
Package: pgfcomp-version-1-18 2007/07/23 v3.0.1a (rcs-revision 1.1)
))
(C:\Users\Vilhelm\AppData\Roaming\MiKTeX\2.9\tex\latex\pgf\utilities\pgffor.sty

(C:\Users\Vilhelm\AppData\Roaming\MiKTeX\2.9\tex\latex\pgf\utilities\pgfkeys.st
y
(C:\Users\Vilhelm\AppData\Roaming\MiKTeX\2.9\tex\generic\pgf\utilities\pgfkeys.
code.tex))
(C:\Users\Vilhelm\AppData\Roaming\MiKTeX\2.9\tex\latex\pgf\math\pgfmath.sty
(C:\Users\Vilhelm\AppData\Roaming\MiKTeX\2.9\tex\generic\pgf\math\pgfmath.code.
tex))
(C:\Users\Vilhelm\AppData\Roaming\MiKTeX\2.9\tex\generic\pgf\utilities\pgffor.c
ode.tex
Package: pgffor 2013/12/13 v3.0.1a (rcs-revision 1.25)

(C:\Users\Vilhelm\AppData\Roaming\MiKTeX\2.9\tex\generic\pgf\math\pgfmath.code.
tex)
\pgffor@iter=\dimen165
\pgffor@skip=\dimen166
\pgffor@stack=\toks26
\pgffor@toks=\toks27
))
(C:\Users\Vilhelm\AppData\Roaming\MiKTeX\2.9\tex\generic\pgf\frontendlayer\tikz
\tikz.code.tex
Package: tikz 2015/08/07 v3.0.1a (rcs-revision 1.151)

(C:\Users\Vilhelm\AppData\Roaming\MiKTeX\2.9\tex\generic\pgf\libraries\pgflibra
ryplothandlers.code.tex
File: pgflibraryplothandlers.code.tex 2013/08/31 v3.0.1a (rcs-revision 1.20)
\pgf@plot@mark@count=\count105
\pgfplotmarksize=\dimen167
)
\tikz@lastx=\dimen168
\tikz@lasty=\dimen169
\tikz@lastxsaved=\dimen170
\tikz@lastysaved=\dimen171
\tikzleveldistance=\dimen172
\tikzsiblingdistance=\dimen173
\tikz@figbox=\box35
\tikz@figbox@bg=\box36
\tikz@tempbox=\box37
\tikz@tempbox@bg=\box38
\tikztreelevel=\count106
\tikznumberofchildren=\count107
\tikznumberofcurrentchild=\count108
\tikz@fig@count=\count109

(C:\Users\Vilhelm\AppData\Roaming\MiKTeX\2.9\tex\generic\pgf\modules\pgfmodulem
atrix.code.tex
File: pgfmodulematrix.code.tex 2013/09/17  (rcs-revision 1.8)
\pgfmatrixcurrentrow=\count110
\pgfmatrixcurrentcolumn=\count111
\pgf@matrix@numberofcolumns=\count112
)
\tikz@expandcount=\count113

(C:\Users\Vilhelm\AppData\Roaming\MiKTeX\2.9\tex\generic\pgf\frontendlayer\tikz
\libraries\tikzlibrarytopaths.code.tex
File: tikzlibrarytopaths.code.tex 2008/06/17 v3.0.1a (rcs-revision 1.2)
)))
(C:\Users\Vilhelm\AppData\Roaming\MiKTeX\2.9\tex\generic\pgf\frontendlayer\tikz
\libraries\tikzlibraryintersections.code.tex
(C:\Users\Vilhelm\AppData\Roaming\MiKTeX\2.9\tex\generic\pgf\libraries\pgflibra
ryintersections.code.tex
(C:\Users\Vilhelm\AppData\Roaming\MiKTeX\2.9\tex\generic\pgf\libraries\pgflibra
ryfpu.code.tex)
\pgf@intersect@solutions=\count114
))
(C:\Users\Vilhelm\AppData\Roaming\MiKTeX\2.9\tex\generic\pgf\frontendlayer\tikz
\libraries\tikzlibrarycalc.code.tex
File: tikzlibrarycalc.code.tex 2013/07/15 v3.0.1a (rcs-revision 1.9)
) (Report.aux)
\openout1 = `Report.aux'.

LaTeX Font Info:    Checking defaults for OML/cmm/m/it on input line 22.
LaTeX Font Info:    ... okay on input line 22.
LaTeX Font Info:    Checking defaults for T1/cmr/m/n on input line 22.
LaTeX Font Info:    ... okay on input line 22.
LaTeX Font Info:    Checking defaults for OT1/cmr/m/n on input line 22.
LaTeX Font Info:    ... okay on input line 22.
LaTeX Font Info:    Checking defaults for OMS/cmsy/m/n on input line 22.
LaTeX Font Info:    ... okay on input line 22.
LaTeX Font Info:    Checking defaults for OMX/cmex/m/n on input line 22.
LaTeX Font Info:    ... okay on input line 22.
LaTeX Font Info:    Checking defaults for U/cmr/m/n on input line 22.
LaTeX Font Info:    ... okay on input line 22.

-- Lines per column: 58 (exact).
(C:\Users\Vilhelm\AppData\Roaming\MiKTeX\2.9\tex\context\base\supp-pdf.mkii
[Loading MPS to PDF converter (version 2006.09.02).]
\scratchcounter=\count115
\scratchdimen=\dimen174
\scratchbox=\box39
\nofMPsegments=\count116
\nofMParguments=\count117
\everyMPshowfont=\toks28
\MPscratchCnt=\count118
\MPscratchDim=\dimen175
\MPnumerator=\count119
\makeMPintoPDFobject=\count120
\everyMPtoPDFconversion=\toks29
) ("C:\Program Files\MiKTeX 2.9\tex\generic\oberdiek\pdftexcmds.sty"
Package: pdftexcmds 2016/05/21 v0.22 Utility functions of pdfTeX for LuaTeX (HO
)

("C:\Program Files\MiKTeX 2.9\tex\generic\oberdiek\ifluatex.sty"
Package: ifluatex 2016/05/16 v1.4 Provides the ifluatex switch (HO)
Package ifluatex Info: LuaTeX not detected.
)
("C:\Program Files\MiKTeX 2.9\tex\generic\oberdiek\ifpdf.sty"
Package: ifpdf 2016/05/14 v3.1 Provides the ifpdf switch
)
Package pdftexcmds Info: LuaTeX not detected.
Package pdftexcmds Info: \pdf@primitive is available.
Package pdftexcmds Info: \pdf@ifprimitive is available.
Package pdftexcmds Info: \pdfdraftmode found.
)
("C:\Program Files\MiKTeX 2.9\tex\latex\oberdiek\epstopdf-base.sty"
Package: epstopdf-base 2016/05/15 v2.6 Base part for package epstopdf

("C:\Program Files\MiKTeX 2.9\tex\latex\oberdiek\grfext.sty"
Package: grfext 2016/05/16 v1.2 Manage graphics extensions (HO)

("C:\Program Files\MiKTeX 2.9\tex\generic\oberdiek\kvdefinekeys.sty"
Package: kvdefinekeys 2016/05/16 v1.4 Define keys (HO)
))
("C:\Program Files\MiKTeX 2.9\tex\latex\oberdiek\kvoptions.sty"
Package: kvoptions 2016/05/16 v3.12 Key value format for package options (HO)

("C:\Program Files\MiKTeX 2.9\tex\generic\oberdiek\kvsetkeys.sty"
Package: kvsetkeys 2016/05/16 v1.17 Key value parser (HO)

("C:\Program Files\MiKTeX 2.9\tex\generic\oberdiek\etexcmds.sty"
Package: etexcmds 2016/05/16 v1.6 Avoid name clashes with e-TeX commands (HO)
Package etexcmds Info: Could not find \expanded.
(etexcmds)             That can mean that you are not using pdfTeX 1.50 or
(etexcmds)             that some package has redefined \expanded.
(etexcmds)             In the latter case, load this package earlier.
)))
Package epstopdf-base Info: Redefining graphics rule for `.eps' on input line 4
38.
Package grfext Info: Graphics extension search list:
(grfext)             [.png,.pdf,.jpg,.mps,.jpeg,.jbig2,.jb2,.PNG,.PDF,.JPG,.JPE
G,.JBIG2,.JB2,.eps]
(grfext)             \AppendGraphicsExtensions on input line 456.
)
ABD: EveryShipout initializing macros
LaTeX Font Info:    External font `cmex10' loaded for size
(Font)              <9> on input line 80.
LaTeX Font Info:    External font `cmex10' loaded for size
(Font)              <6> on input line 80.
LaTeX Font Info:    External font `cmex10' loaded for size
(Font)              <5> on input line 80.
LaTeX Font Info:    Font shape `OT1/ptm/bx/n' in size <6> not available
(Font)              Font shape `OT1/ptm/b/n' tried instead on input line 80.
Missing character: There is no â in font ptmr7t!
Missing character: There is no € in font ptmr7t!
Missing character: There is no ™ in font ptmr7t!
 (graph/frames_propellers.tex
LaTeX Font Info:    External font `cmex10' loaded for size
(Font)              <7> on input line 18.
Missing character: There is no ; in font nullfont!
Missing character: There is no ; in font nullfont!
Missing character: There is no ; in font nullfont!
)
(graph/roll_pitch_yaw.tex) [1{C:/Users/Vilhelm/AppData/Local/MiKTeX/2.9/pdftex/
config/pdftex.map}


]
Underfull \hbox (badness 10000) in paragraph at lines 328--329

 []


Underfull \hbox (badness 2277) in paragraph at lines 331--332
\OT1/ptm/m/n/10 ones are those that coin-tain sim-ply this three sen-sors
 []


Underfull \hbox (badness 10000) in paragraph at lines 331--332

 []


Underfull \hbox (badness 10000) in paragraph at lines 334--335

 []


Underfull \hbox (badness 10000) in paragraph at lines 339--340

 []

[2] (Report.bbl
** WARNING: IEEEtran.bst: No hyphenation pattern has been
** loaded for the language `eng'. Using the pattern for
** the default language instead.
) [3

] (Report.aux) ) 
Here is how much of TeX's memory you used:
 13058 strings out of 493333
 269843 string characters out of 3139189
 326899 words of memory out of 3000000
 16336 multiletter control sequences out of 15000+200000
 45418 words of font info for 90 fonts, out of 3000000 for 9000
 1144 hyphenation exceptions out of 8191
 63i,8n,344p,955b,967s stack positions out of 5000i,500n,10000p,200000b,50000s
{C:/Program Files/MiKTeX 2.9/fonts/enc/dvips/base/8r.enc}<C:/Pr
ogram Files/MiKTeX 2.9/fonts/type1/public/amsfonts/cm/cmbx10.pfb><C:/Program Fi
les/MiKTeX 2.9/fonts/type1/public/amsfonts/cm/cmex10.pfb><C:/Program Files/MiKT
eX 2.9/fonts/type1/public/amsfonts/cm/cmmi10.pfb><C:/Program Files/MiKTeX 2.9/f
onts/type1/public/amsfonts/cm/cmmi5.pfb><C:/Program Files/MiKTeX 2.9/fonts/type
1/public/amsfonts/cm/cmmi7.pfb><C:/Program Files/MiKTeX 2.9/fonts/type1/public/
amsfonts/cm/cmmib10.pfb><C:/Program Files/MiKTeX 2.9/fonts/type1/public/amsfont
s/cm/cmr10.pfb><C:/Program Files/MiKTeX 2.9/fonts/type1/public/amsfonts/cm/cmr7
.pfb><C:/Program Files/MiKTeX 2.9/fonts/type1/public/amsfonts/cm/cmsy10.pfb><C:
/Program Files/MiKTeX 2.9/fonts/type1/public/amsfonts/cm/cmsy7.pfb><C:/Program 
Files/MiKTeX 2.9/fonts/type1/urw/times/utmb8a.pfb><C:/Program Files/MiKTeX 2.9/
fonts/type1/urw/times/utmbi8a.pfb><C:/Program Files/MiKTeX 2.9/fonts/type1/urw/
times/utmr8a.pfb><C:/Program Files/MiKTeX 2.9/fonts/type1/urw/times/utmri8a.pfb
>
Output written on Report.pdf (3 pages, 164207 bytes).
PDF statistics:
 72 PDF objects out of 1000 (max. 8388607)
 0 named destinations out of 1000 (max. 500000)
 13 words of extra memory for PDF output out of 10000 (max. 10000000)

